<?xml version="1.0" encoding="UTF-8"?>
<testsuite name="arquiteturawebAC1.AC1.Ac1ApplicationTests" tests="1" skipped="0" failures="0" errors="0" timestamp="2024-04-01T04:03:34" hostname="DESKTOP-JPKNHBL" time="0.738">
  <properties/>
  <testcase name="contextLoads()" classname="arquiteturawebAC1.AC1.Ac1ApplicationTests" time="0.738"/>
  <system-out><![CDATA[01:03:28.012 [Test worker] INFO org.springframework.test.context.support.AnnotationConfigContextLoaderUtils -- Could not detect default configuration classes for test class [arquiteturawebAC1.AC1.Ac1ApplicationTests]: Ac1ApplicationTests does not declare any static, non-private, non-final, nested classes annotated with @Configuration.
01:03:28.126 [Test worker] INFO org.springframework.boot.test.context.SpringBootTestContextBootstrapper -- Found @SpringBootConfiguration arquiteturawebAC1.AC1.Ac1Application for test class arquiteturawebAC1.AC1.Ac1ApplicationTests

  .   ____          _            __ _ _
 /\\ / ___'_ __ _ _(_)_ __  __ _ \ \ \ \
( ( )\___ | '_ | '_| | '_ \/ _` | \ \ \ \
 \\/  ___)| |_)| | | | | || (_| |  ) ) ) )
  '  |____| .__|_| |_|_| |_\__, | / / / /
 =========|_|==============|___/=/_/_/_/
 :: Spring Boot ::                (v3.2.4)

2024-04-01T01:03:28.684-03:00  INFO 5780 --- [AC1] [    Test worker] a.AC1.Ac1ApplicationTests                : Starting Ac1ApplicationTests using Java 21.0.2 with PID 5780 (started by Gabriel in C:\Users\Gabriel\Desktop\AC1)
2024-04-01T01:03:28.686-03:00  INFO 5780 --- [AC1] [    Test worker] a.AC1.Ac1ApplicationTests                : No active profile set, falling back to 1 default profile: "default"
2024-04-01T01:03:29.689-03:00  INFO 5780 --- [AC1] [    Test worker] .s.d.r.c.RepositoryConfigurationDelegate : Multiple Spring Data modules found, entering strict repository configuration mode
2024-04-01T01:03:29.691-03:00  INFO 5780 --- [AC1] [    Test worker] .s.d.r.c.RepositoryConfigurationDelegate : Bootstrapping Spring Data JPA repositories in DEFAULT mode.
2024-04-01T01:03:29.854-03:00  INFO 5780 --- [AC1] [    Test worker] .s.d.r.c.RepositoryConfigurationDelegate : Finished Spring Data repository scanning in 150 ms. Found 1 JPA repository interface.
2024-04-01T01:03:29.875-03:00  INFO 5780 --- [AC1] [    Test worker] .s.d.r.c.RepositoryConfigurationDelegate : Multiple Spring Data modules found, entering strict repository configuration mode
2024-04-01T01:03:29.876-03:00  INFO 5780 --- [AC1] [    Test worker] .s.d.r.c.RepositoryConfigurationDelegate : Bootstrapping Spring Data Redis repositories in DEFAULT mode.
2024-04-01T01:03:29.888-03:00  INFO 5780 --- [AC1] [    Test worker] .RepositoryConfigurationExtensionSupport : Spring Data Redis - Could not safely identify store assignment for repository candidate interface arquiteturawebAC1.AC1.Repository.AlunoRepository; If you want this repository to be a Redis repository, consider annotating your entities with one of these annotations: org.springframework.data.redis.core.RedisHash (preferred), or consider extending one of the following types with your repository: org.springframework.data.keyvalue.repository.KeyValueRepository
2024-04-01T01:03:29.889-03:00  INFO 5780 --- [AC1] [    Test worker] .s.d.r.c.RepositoryConfigurationDelegate : Finished Spring Data repository scanning in 4 ms. Found 0 Redis repository interfaces.
2024-04-01T01:03:30.440-03:00  INFO 5780 --- [AC1] [    Test worker] com.zaxxer.hikari.HikariDataSource       : HikariPool-1 - Starting...
2024-04-01T01:03:30.745-03:00  INFO 5780 --- [AC1] [    Test worker] com.zaxxer.hikari.pool.HikariPool        : HikariPool-1 - Added connection org.postgresql.jdbc.PgConnection@74c121d4
2024-04-01T01:03:30.748-03:00  INFO 5780 --- [AC1] [    Test worker] com.zaxxer.hikari.HikariDataSource       : HikariPool-1 - Start completed.
2024-04-01T01:03:30.850-03:00  INFO 5780 --- [AC1] [    Test worker] o.f.c.internal.license.VersionPrinter    : Flyway Community Edition 9.22.3 by Redgate
2024-04-01T01:03:30.851-03:00  INFO 5780 --- [AC1] [    Test worker] o.f.c.internal.license.VersionPrinter    : See release notes here: https://rd.gt/416ObMi
2024-04-01T01:03:30.851-03:00  INFO 5780 --- [AC1] [    Test worker] o.f.c.internal.license.VersionPrinter    : 
2024-04-01T01:03:30.869-03:00  INFO 5780 --- [AC1] [    Test worker] org.flywaydb.core.FlywayExecutor         : Database: jdbc:postgresql://localhost:5432/tasks (PostgreSQL 16.2)
2024-04-01T01:03:30.878-03:00  WARN 5780 --- [AC1] [    Test worker] o.f.c.internal.database.base.Database    : Flyway upgrade recommended: PostgreSQL 16.2 is newer than this version of Flyway and support has not been tested. The latest supported version of PostgreSQL is 15.
2024-04-01T01:03:30.899-03:00  INFO 5780 --- [AC1] [    Test worker] o.f.c.i.s.JdbcTableSchemaHistory         : Schema history table "public"."flyway_schema_history" does not exist yet
2024-04-01T01:03:30.902-03:00  INFO 5780 --- [AC1] [    Test worker] o.f.core.internal.command.DbValidate     : Successfully validated 0 migrations (execution time 00:00.011s)
2024-04-01T01:03:30.902-03:00  WARN 5780 --- [AC1] [    Test worker] o.f.core.internal.command.DbValidate     : No migrations found. Are your locations set up correctly?
2024-04-01T01:03:30.917-03:00  INFO 5780 --- [AC1] [    Test worker] o.f.c.i.s.JdbcTableSchemaHistory         : Creating Schema History table "public"."flyway_schema_history" ...
2024-04-01T01:03:30.987-03:00  INFO 5780 --- [AC1] [    Test worker] o.f.core.internal.command.DbMigrate      : Current version of schema "public": << Empty Schema >>
2024-04-01T01:03:30.992-03:00  INFO 5780 --- [AC1] [    Test worker] o.f.core.internal.command.DbMigrate      : Schema "public" is up to date. No migration necessary.
2024-04-01T01:03:31.151-03:00  INFO 5780 --- [AC1] [    Test worker] o.hibernate.jpa.internal.util.LogHelper  : HHH000204: Processing PersistenceUnitInfo [name: default]
2024-04-01T01:03:31.291-03:00  INFO 5780 --- [AC1] [    Test worker] org.hibernate.Version                    : HHH000412: Hibernate ORM core version 6.4.4.Final
2024-04-01T01:03:31.356-03:00  INFO 5780 --- [AC1] [    Test worker] o.h.c.internal.RegionFactoryInitiator    : HHH000026: Second-level cache disabled
2024-04-01T01:03:31.793-03:00  INFO 5780 --- [AC1] [    Test worker] o.s.o.j.p.SpringPersistenceUnitInfo      : No LoadTimeWeaver setup: ignoring JPA class transformer
2024-04-01T01:03:31.871-03:00  WARN 5780 --- [AC1] [    Test worker] org.hibernate.orm.deprecation            : HHH90000025: PostgreSQLDialect does not need to be specified explicitly using 'hibernate.dialect' (remove the property setting and it will be selected by default)
2024-04-01T01:03:32.878-03:00  INFO 5780 --- [AC1] [    Test worker] o.h.e.t.j.p.i.JtaPlatformInitiator       : HHH000489: No JTA platform available (set 'hibernate.transaction.jta.platform' to enable JTA platform integration)
2024-04-01T01:03:32.882-03:00  INFO 5780 --- [AC1] [    Test worker] j.LocalContainerEntityManagerFactoryBean : Initialized JPA EntityManagerFactory for persistence unit 'default'
2024-04-01T01:03:33.361-03:00  WARN 5780 --- [AC1] [    Test worker] JpaBaseConfiguration$JpaWebConfiguration : spring.jpa.open-in-view is enabled by default. Therefore, database queries may be performed during view rendering. Explicitly configure spring.jpa.open-in-view to disable this warning
2024-04-01T01:03:34.679-03:00  WARN 5780 --- [AC1] [    Test worker] .s.s.UserDetailsServiceAutoConfiguration : 

Using generated security password: 0924b2c0-4649-4b5b-ad83-201a2a71fb71

This generated password is for development use only. Your security configuration must be updated before running your application in production.

2024-04-01T01:03:34.870-03:00  INFO 5780 --- [AC1] [    Test worker] o.s.s.web.DefaultSecurityFilterChain     : Will secure any request with [org.springframework.security.web.session.DisableEncodeUrlFilter@371fdf43, org.springframework.security.web.context.request.async.WebAsyncManagerIntegrationFilter@37f687c1, org.springframework.security.web.context.SecurityContextHolderFilter@688e6d4e, org.springframework.security.web.header.HeaderWriterFilter@39d6504b, org.springframework.web.filter.CorsFilter@297da2c3, org.springframework.security.web.csrf.CsrfFilter@19544627, org.springframework.security.web.authentication.logout.LogoutFilter@58b03882, org.springframework.security.web.authentication.UsernamePasswordAuthenticationFilter@b7952d2, org.springframework.security.web.authentication.ui.DefaultLoginPageGeneratingFilter@4ff3af97, org.springframework.security.web.authentication.ui.DefaultLogoutPageGeneratingFilter@6237927a, org.springframework.security.web.authentication.www.BasicAuthenticationFilter@3c5797c6, org.springframework.security.web.savedrequest.RequestCacheAwareFilter@5b256ab5, org.springframework.security.web.servletapi.SecurityContextHolderAwareRequestFilter@2a2cdba0, org.springframework.security.web.authentication.AnonymousAuthenticationFilter@2b9bacb8, org.springframework.security.web.access.ExceptionTranslationFilter@45c270f9, org.springframework.security.web.access.intercept.AuthorizationFilter@cf933b1]
2024-04-01T01:03:34.937-03:00  INFO 5780 --- [AC1] [    Test worker] a.AC1.Ac1ApplicationTests                : Started Ac1ApplicationTests in 6.626 seconds (process running for 8.045)
]]></system-out>
  <system-err><![CDATA[WARNING: A Java agent has been loaded dynamically (C:\Users\Gabriel\.gradle\caches\modules-2\files-2.1\net.bytebuddy\byte-buddy-agent\1.14.12\be4984cb6fd1ef1d11f218a648889dfda44b8a15\byte-buddy-agent-1.14.12.jar)
WARNING: If a serviceability tool is in use, please run with -XX:+EnableDynamicAgentLoading to hide this warning
WARNING: If a serviceability tool is not in use, please run with -Djdk.instrument.traceUsage for more information
WARNING: Dynamic loading of agents will be disallowed by default in a future release
]]></system-err>
</testsuite>
